2016-06-28 16:45:59 Debug: permission: actionUrl-clients/add
2016-06-28 20:31:35 Debug: permission: actionUrl-clients/add
2016-06-29 11:36:09 Debug: permission: actionUrl-clients/index
2016-06-29 15:38:06 Debug: permission: actionUrl-Personals/index
2016-06-30 12:20:23 Debug: permission: actionUrl-projects/edit
2016-06-30 16:26:50 Debug: permission: actionUrl-egresos/index
2016-07-01 03:46:30 Debug: permission: actionUrl-clients/view
2016-07-11 14:39:14 Debug: permission: actionUrl-start/balance
2016-07-13 16:40:41 Debug: permission: actionUrl-cargos/index
2016-07-18 12:54:02 Debug: permission: actionUrl-personals/view
2016-07-18 17:25:03 Debug: permission: actionUrl-projects/index
2016-07-19 12:04:12 Debug: permission: actionUrl-projects/add
2016-07-19 16:22:18 Debug: permission: actionUrl-projects/add
2016-07-20 12:04:13 Debug: permission: actionUrl-projects/add
2016-07-20 16:04:50 Debug: permission: actionUrl-ingresos/index
2016-07-21 15:26:01 Debug: permission: actionUrl-projects/add
2016-07-21 21:46:35 Debug: permission: actionUrl-projects/view
2016-07-25 17:02:09 Debug: permission: actionUrl-projects/view
2016-07-26 09:30:32 Debug: permission: actionUrl-projects/index
2016-07-26 16:00:56 Debug: permission: actionUrl-projects/view
2016-07-27 08:54:53 Debug: permission: actionUrl-projects/imprimir
2016-07-27 12:58:21 Debug: permission: actionUrl-projects/view
