2016-06-23 23:36:42 Error: [MissingControllerException] Controller class FilesController could not be found.
Exception Attributes: array (
  'class' => 'FilesController',
  'plugin' => NULL,
)
Request URL: /3dlinkweb/files/img1466440895J5F.png
Stack Trace:
#0 C:\xampp\htdocs\3dlinkweb\webroot\index.php(109): Dispatcher->dispatch(Object(CakeRequest), Object(CakeResponse))
#1 {main}
2016-06-23 23:37:19 Error: [MissingControllerException] Controller class FilesController could not be found.
Exception Attributes: array (
  'class' => 'FilesController',
  'plugin' => NULL,
)
Request URL: /3dlinkweb/files/img1466440895J5F.png
Stack Trace:
#0 C:\xampp\htdocs\3dlinkweb\webroot\index.php(109): Dispatcher->dispatch(Object(CakeRequest), Object(CakeResponse))
#1 {main}
2016-06-23 23:37:55 Error: [MissingControllerException] Controller class FilesController could not be found.
Exception Attributes: array (
  'class' => 'FilesController',
  'plugin' => NULL,
)
Request URL: /3dlinkweb/files/img1466440895J5F.png
Stack Trace:
#0 C:\xampp\htdocs\3dlinkweb\webroot\index.php(109): Dispatcher->dispatch(Object(CakeRequest), Object(CakeResponse))
#1 {main}
2016-06-23 23:40:15 Error: [MissingControllerException] Controller class FilesController could not be found.
Exception Attributes: array (
  'class' => 'FilesController',
  'plugin' => NULL,
)
Request URL: /3dlinkweb/files/img1466440895J5F.png
Stack Trace:
#0 C:\xampp\htdocs\3dlinkweb\webroot\index.php(109): Dispatcher->dispatch(Object(CakeRequest), Object(CakeResponse))
#1 {main}
2016-06-23 23:40:16 Error: [MissingControllerException] Controller class FilesController could not be found.
Exception Attributes: array (
  'class' => 'FilesController',
  'plugin' => NULL,
)
Request URL: /3dlinkweb/files/img1466440895J5F.png
Stack Trace:
#0 C:\xampp\htdocs\3dlinkweb\webroot\index.php(109): Dispatcher->dispatch(Object(CakeRequest), Object(CakeResponse))
#1 {main}
2016-06-23 23:48:42 Error: [MissingControllerException] Controller class FilesController could not be found.
Exception Attributes: array (
  'class' => 'FilesController',
  'plugin' => NULL,
)
Request URL: /3dlinkweb/files/img1466440895J5F.png
Stack Trace:
#0 C:\xampp\htdocs\3dlinkweb\webroot\index.php(109): Dispatcher->dispatch(Object(CakeRequest), Object(CakeResponse))
#1 {main}
2016-06-23 23:48:44 Error: [MissingControllerException] Controller class FilesController could not be found.
Exception Attributes: array (
  'class' => 'FilesController',
  'plugin' => NULL,
)
Request URL: /3dlinkweb/files/img1466440895J5F.png
Stack Trace:
#0 C:\xampp\htdocs\3dlinkweb\webroot\index.php(109): Dispatcher->dispatch(Object(CakeRequest), Object(CakeResponse))
#1 {main}
2016-06-23 23:48:55 Error: [MissingControllerException] Controller class FilesController could not be found.
Exception Attributes: array (
  'class' => 'FilesController',
  'plugin' => NULL,
)
Request URL: /3dlinkweb/files/img1466440895J5F.png
Stack Trace:
#0 C:\xampp\htdocs\3dlinkweb\webroot\index.php(109): Dispatcher->dispatch(Object(CakeRequest), Object(CakeResponse))
#1 {main}
2016-06-23 23:54:35 Error: [MissingControllerException] Controller class FilesController could not be found.
Exception Attributes: array (
  'class' => 'FilesController',
  'plugin' => NULL,
)
Request URL: /3dlinkweb/files/img1466440895J5F.png
Stack Trace:
#0 C:\xampp\htdocs\3dlinkweb\webroot\index.php(109): Dispatcher->dispatch(Object(CakeRequest), Object(CakeResponse))
#1 {main}
2016-06-23 23:54:37 Error: [MissingControllerException] Controller class FilesController could not be found.
Exception Attributes: array (
  'class' => 'FilesController',
  'plugin' => NULL,
)
Request URL: /3dlinkweb/files/img1466440895J5F.png
Stack Trace:
#0 C:\xampp\htdocs\3dlinkweb\webroot\index.php(109): Dispatcher->dispatch(Object(CakeRequest), Object(CakeResponse))
#1 {main}
2016-06-23 23:56:36 Error: [MissingControllerException] Controller class FilesController could not be found.
Exception Attributes: array (
  'class' => 'FilesController',
  'plugin' => NULL,
)
Request URL: /3dlinkweb/files/img1466440895J5F.png
Stack Trace:
#0 C:\xampp\htdocs\3dlinkweb\webroot\index.php(109): Dispatcher->dispatch(Object(CakeRequest), Object(CakeResponse))
#1 {main}
2016-06-23 23:56:49 Error: [MissingControllerException] Controller class FilesController could not be found.
Exception Attributes: array (
  'class' => 'FilesController',
  'plugin' => NULL,
)
Request URL: /3dlinkweb/files/img1466440895J5F.png
Stack Trace:
#0 C:\xampp\htdocs\3dlinkweb\webroot\index.php(109): Dispatcher->dispatch(Object(CakeRequest), Object(CakeResponse))
#1 {main}
2016-06-23 23:56:55 Error: [MissingControllerException] Controller class FilesController could not be found.
Exception Attributes: array (
  'class' => 'FilesController',
  'plugin' => NULL,
)
Request URL: /3dlinkweb/files/img1466440895J5F.png
Stack Trace:
#0 C:\xampp\htdocs\3dlinkweb\webroot\index.php(109): Dispatcher->dispatch(Object(CakeRequest), Object(CakeResponse))
#1 {main}
2016-06-23 23:57:06 Error: [MissingControllerException] Controller class FilesController could not be found.
Exception Attributes: array (
  'class' => 'FilesController',
  'plugin' => NULL,
)
Request URL: /3dlinkweb/files/img1466440895J5F.png
Stack Trace:
#0 C:\xampp\htdocs\3dlinkweb\webroot\index.php(109): Dispatcher->dispatch(Object(CakeRequest), Object(CakeResponse))
#1 {main}
2016-06-23 23:59:46 Error: [MissingControllerException] Controller class FilesController could not be found.
Exception Attributes: array (
  'class' => 'FilesController',
  'plugin' => NULL,
)
Request URL: /3dlinkweb/files/img1466440895J5F.png
Stack Trace:
#0 C:\xampp\htdocs\3dlinkweb\webroot\index.php(109): Dispatcher->dispatch(Object(CakeRequest), Object(CakeResponse))
#1 {main}
2016-06-24 00:00:32 Error: [MissingControllerException] Controller class FilesController could not be found.
Exception Attributes: array (
  'class' => 'FilesController',
  'plugin' => NULL,
)
Request URL: /3dlinkweb/files/img1466440895J5F.png
Stack Trace:
#0 C:\xampp\htdocs\3dlinkweb\webroot\index.php(109): Dispatcher->dispatch(Object(CakeRequest), Object(CakeResponse))
#1 {main}
2016-06-24 00:00:34 Error: [MissingControllerException] Controller class FilesController could not be found.
Exception Attributes: array (
  'class' => 'FilesController',
  'plugin' => NULL,
)
Request URL: /3dlinkweb/files/img1466440895J5F.png
Stack Trace:
#0 C:\xampp\htdocs\3dlinkweb\webroot\index.php(109): Dispatcher->dispatch(Object(CakeRequest), Object(CakeResponse))
#1 {main}
2016-06-24 00:04:58 Error: [MissingControllerException] Controller class FilesController could not be found.
Exception Attributes: array (
  'class' => 'FilesController',
  'plugin' => NULL,
)
Request URL: /3dlinkweb/files/img1466440895J5F.png
Stack Trace:
#0 C:\xampp\htdocs\3dlinkweb\webroot\index.php(109): Dispatcher->dispatch(Object(CakeRequest), Object(CakeResponse))
#1 {main}
2016-06-24 00:04:58 Error: [MissingControllerException] Controller class FilesController could not be found.
Exception Attributes: array (
  'class' => 'FilesController',
  'plugin' => NULL,
)
Request URL: /3dlinkweb/files/img1466440895J5F.png
Stack Trace:
#0 C:\xampp\htdocs\3dlinkweb\webroot\index.php(109): Dispatcher->dispatch(Object(CakeRequest), Object(CakeResponse))
#1 {main}
2016-06-24 00:05:01 Error: [MissingControllerException] Controller class FilesController could not be found.
Exception Attributes: array (
  'class' => 'FilesController',
  'plugin' => NULL,
)
Request URL: /3dlinkweb/files/img1466440895J5F.png
Stack Trace:
#0 C:\xampp\htdocs\3dlinkweb\webroot\index.php(109): Dispatcher->dispatch(Object(CakeRequest), Object(CakeResponse))
#1 {main}
2016-06-24 00:05:19 Error: [MissingControllerException] Controller class FilesController could not be found.
Exception Attributes: array (
  'class' => 'FilesController',
  'plugin' => NULL,
)
Request URL: /3dlinkweb/files/img1466440895J5F.png
Stack Trace:
#0 C:\xampp\htdocs\3dlinkweb\webroot\index.php(109): Dispatcher->dispatch(Object(CakeRequest), Object(CakeResponse))
#1 {main}
2016-06-24 00:05:29 Error: [MissingControllerException] Controller class FilesController could not be found.
Exception Attributes: array (
  'class' => 'FilesController',
  'plugin' => NULL,
)
Request URL: /3dlinkweb/files/img1466440895J5F.png
Stack Trace:
#0 C:\xampp\htdocs\3dlinkweb\webroot\index.php(109): Dispatcher->dispatch(Object(CakeRequest), Object(CakeResponse))
#1 {main}
2016-06-24 00:15:26 Error: [MissingControllerException] Controller class FilesController could not be found.
Exception Attributes: array (
  'class' => 'FilesController',
  'plugin' => NULL,
)
Request URL: /3dlinkweb/files/img1466440895J5F.png
Stack Trace:
#0 C:\xampp\htdocs\3dlinkweb\webroot\index.php(109): Dispatcher->dispatch(Object(CakeRequest), Object(CakeResponse))
#1 {main}
2016-06-24 00:15:28 Error: [MissingControllerException] Controller class FilesController could not be found.
Exception Attributes: array (
  'class' => 'FilesController',
  'plugin' => NULL,
)
Request URL: /3dlinkweb/files/img1466440895J5F.png
Stack Trace:
#0 C:\xampp\htdocs\3dlinkweb\webroot\index.php(109): Dispatcher->dispatch(Object(CakeRequest), Object(CakeResponse))
#1 {main}
2016-06-24 00:20:44 Error: [MissingControllerException] Controller class FilesController could not be found.
Exception Attributes: array (
  'class' => 'FilesController',
  'plugin' => NULL,
)
Request URL: /3dlinkweb/files/img1466440895J5F.png
Stack Trace:
#0 C:\xampp\htdocs\3dlinkweb\webroot\index.php(109): Dispatcher->dispatch(Object(CakeRequest), Object(CakeResponse))
#1 {main}
2016-06-24 00:20:47 Error: [MissingControllerException] Controller class FilesController could not be found.
Exception Attributes: array (
  'class' => 'FilesController',
  'plugin' => NULL,
)
Request URL: /3dlinkweb/files/img1466440895J5F.png
Stack Trace:
#0 C:\xampp\htdocs\3dlinkweb\webroot\index.php(109): Dispatcher->dispatch(Object(CakeRequest), Object(CakeResponse))
#1 {main}
2016-06-24 00:21:23 Error: [MissingControllerException] Controller class FilesController could not be found.
Exception Attributes: array (
  'class' => 'FilesController',
  'plugin' => NULL,
)
Request URL: /3dlinkweb/files/img1466440895J5F.png
Stack Trace:
#0 C:\xampp\htdocs\3dlinkweb\webroot\index.php(109): Dispatcher->dispatch(Object(CakeRequest), Object(CakeResponse))
#1 {main}
2016-06-24 00:21:26 Error: [MissingControllerException] Controller class FilesController could not be found.
Exception Attributes: array (
  'class' => 'FilesController',
  'plugin' => NULL,
)
Request URL: /3dlinkweb/files/img1466440895J5F.png
Stack Trace:
#0 C:\xampp\htdocs\3dlinkweb\webroot\index.php(109): Dispatcher->dispatch(Object(CakeRequest), Object(CakeResponse))
#1 {main}
2016-06-24 00:22:46 Error: [MissingControllerException] Controller class FilesController could not be found.
Exception Attributes: array (
  'class' => 'FilesController',
  'plugin' => NULL,
)
Request URL: /3dlinkweb/files/img1466440895J5F.png
Stack Trace:
#0 C:\xampp\htdocs\3dlinkweb\webroot\index.php(109): Dispatcher->dispatch(Object(CakeRequest), Object(CakeResponse))
#1 {main}
2016-06-24 00:24:02 Error: [MissingControllerException] Controller class FilesController could not be found.
Exception Attributes: array (
  'class' => 'FilesController',
  'plugin' => NULL,
)
Request URL: /3dlinkweb/files/img1466440895J5F.png
Stack Trace:
#0 C:\xampp\htdocs\3dlinkweb\webroot\index.php(109): Dispatcher->dispatch(Object(CakeRequest), Object(CakeResponse))
#1 {main}
2016-06-24 00:24:04 Error: [MissingControllerException] Controller class FilesController could not be found.
Exception Attributes: array (
  'class' => 'FilesController',
  'plugin' => NULL,
)
Request URL: /3dlinkweb/files/img1466440895J5F.png
Stack Trace:
#0 C:\xampp\htdocs\3dlinkweb\webroot\index.php(109): Dispatcher->dispatch(Object(CakeRequest), Object(CakeResponse))
#1 {main}
2016-06-24 00:24:13 Error: [MissingControllerException] Controller class FilesController could not be found.
Exception Attributes: array (
  'class' => 'FilesController',
  'plugin' => NULL,
)
Request URL: /3dlinkweb/files/img1466440895J5F.png
Stack Trace:
#0 C:\xampp\htdocs\3dlinkweb\webroot\index.php(109): Dispatcher->dispatch(Object(CakeRequest), Object(CakeResponse))
#1 {main}
2016-06-24 00:34:04 Error: [MissingControllerException] Controller class FilesController could not be found.
Exception Attributes: array (
  'class' => 'FilesController',
  'plugin' => NULL,
)
Request URL: /3dlinkweb/files/img1466440895J5F.png
Stack Trace:
#0 C:\xampp\htdocs\3dlinkweb\webroot\index.php(109): Dispatcher->dispatch(Object(CakeRequest), Object(CakeResponse))
#1 {main}
2016-06-24 00:34:24 Error: [MissingControllerException] Controller class FilesController could not be found.
Exception Attributes: array (
  'class' => 'FilesController',
  'plugin' => NULL,
)
Request URL: /3dlinkweb/files/img1466440895J5F.png
Stack Trace:
#0 C:\xampp\htdocs\3dlinkweb\webroot\index.php(109): Dispatcher->dispatch(Object(CakeRequest), Object(CakeResponse))
#1 {main}
2016-06-24 00:34:26 Error: [MissingControllerException] Controller class FilesController could not be found.
Exception Attributes: array (
  'class' => 'FilesController',
  'plugin' => NULL,
)
Request URL: /3dlinkweb/files/img1466440895J5F.png
Stack Trace:
#0 C:\xampp\htdocs\3dlinkweb\webroot\index.php(109): Dispatcher->dispatch(Object(CakeRequest), Object(CakeResponse))
#1 {main}
2016-06-24 00:36:48 Error: [MissingControllerException] Controller class FilesController could not be found.
Exception Attributes: array (
  'class' => 'FilesController',
  'plugin' => NULL,
)
Request URL: /3dlinkweb/files/img1466440895J5F.png
Stack Trace:
#0 C:\xampp\htdocs\3dlinkweb\webroot\index.php(109): Dispatcher->dispatch(Object(CakeRequest), Object(CakeResponse))
#1 {main}
2016-06-24 00:37:00 Error: [MissingControllerException] Controller class FilesController could not be found.
Exception Attributes: array (
  'class' => 'FilesController',
  'plugin' => NULL,
)
Request URL: /3dlinkweb/files/img1466440895J5F.png
Stack Trace:
#0 C:\xampp\htdocs\3dlinkweb\webroot\index.php(109): Dispatcher->dispatch(Object(CakeRequest), Object(CakeResponse))
#1 {main}
2016-06-24 00:37:13 Error: [MissingControllerException] Controller class FilesController could not be found.
Exception Attributes: array (
  'class' => 'FilesController',
  'plugin' => NULL,
)
Request URL: /3dlinkweb/files/img1466440895J5F.png
Stack Trace:
#0 C:\xampp\htdocs\3dlinkweb\webroot\index.php(109): Dispatcher->dispatch(Object(CakeRequest), Object(CakeResponse))
#1 {main}
2016-06-24 00:37:14 Error: [MissingControllerException] Controller class FilesController could not be found.
Exception Attributes: array (
  'class' => 'FilesController',
  'plugin' => NULL,
)
Request URL: /3dlinkweb/files/img1466440895J5F.png
Stack Trace:
#0 C:\xampp\htdocs\3dlinkweb\webroot\index.php(109): Dispatcher->dispatch(Object(CakeRequest), Object(CakeResponse))
#1 {main}
2016-06-24 00:37:16 Error: [MissingControllerException] Controller class FilesController could not be found.
Exception Attributes: array (
  'class' => 'FilesController',
  'plugin' => NULL,
)
Request URL: /3dlinkweb/files/img1466440895J5F.png
Stack Trace:
#0 C:\xampp\htdocs\3dlinkweb\webroot\index.php(109): Dispatcher->dispatch(Object(CakeRequest), Object(CakeResponse))
#1 {main}
2016-06-24 00:37:39 Error: [MissingControllerException] Controller class FilesController could not be found.
Exception Attributes: array (
  'class' => 'FilesController',
  'plugin' => NULL,
)
Request URL: /3dlinkweb/files/img1466440895J5F.png
Stack Trace:
#0 C:\xampp\htdocs\3dlinkweb\webroot\index.php(109): Dispatcher->dispatch(Object(CakeRequest), Object(CakeResponse))
#1 {main}
2016-06-24 00:37:46 Error: [MissingControllerException] Controller class FilesController could not be found.
Exception Attributes: array (
  'class' => 'FilesController',
  'plugin' => NULL,
)
Request URL: /3dlinkweb/files/img1466440895J5F.png
Stack Trace:
#0 C:\xampp\htdocs\3dlinkweb\webroot\index.php(109): Dispatcher->dispatch(Object(CakeRequest), Object(CakeResponse))
#1 {main}
